Arguments: 
  C:\Program Files\nodejs\node.exe C:\Users\dburdyga\AppData\Roaming\npm\node_modules\yarn\bin\yarn.js start

PATH: 
  C:\Users\dburdyga\WebstormProjects\Chat\node_modules\.bin;C:\ProgramData\Oracle\Java\javapath;C:\WINDOWS\system32;C:\WINDOWS;C:\WINDOWS\System32\Wbem;C:\WINDOWS\System32\WindowsPowerShell\v1.0\;C:\Program Files\TortoiseSVN\bin;C:\Program Files (x86)\WebEx\Productivity Tools;C:\Program Files\Microsoft VS Code\bin;C:\Program Files (x86)\Sennheiser\SoftphoneSDK\;C:\Program Files\PuTTY\;C:\Program Files\nodejs\;C:\WINDOWS\System32\OpenSSH\;C:\Users\dburdyga\AppData\Local\Microsoft\WindowsApps;C:\Users\dburdyga\AppData\Local\Programs\Git\cmd;C:\Program Files\Microsoft VS Code\bin;C:\Users\dburdyga\AppData\Roaming\npm;

Yarn version: 
  1.5.1

Node version: 
  11.10.0

Platform: 
  win32 x64

npm manifest: 
  No manifest

yarn manifest: 
  No manifest

Lockfile: 
  No lockfile

Trace: 
  Error: Couldn't find a package.json file in "C:\\Users\\dburdyga\\WebstormProjects\\Chat"
      at new MessageError (C:\Users\dburdyga\AppData\Roaming\npm\node_modules\yarn\lib\cli.js:186:110)
      at C:\Users\dburdyga\AppData\Roaming\npm\node_modules\yarn\lib\cli.js:40048:15
      at Generator.next (<anonymous>)
      at step (C:\Users\dburdyga\AppData\Roaming\npm\node_modules\yarn\lib\cli.js:98:30)
      at C:\Users\dburdyga\AppData\Roaming\npm\node_modules\yarn\lib\cli.js:109:13
